<?xml version="1.0" encoding="UTF-8"?>
<robot generator="Robot 5.0.1 (Python 3.10.5 on win32)" generated="20220627 18:55:49.178" rpa="false" schemaversion="3">
<suite id="s1" name="Coba Alert" source="C:\Users\Acer\Documents\AutomationPractice\pageobjects\coba_alert.robot">
<test id="s1-t1" name="Validate Alerts Dialog on Website" line="11">
<kw name="Open Browser" library="SeleniumLibrary" type="SETUP">
<arg>${base_url}</arg>
<arg>${type_browser}</arg>
<doc>Opens a new browser instance to the optional ``url``.</doc>
<msg timestamp="20220627 18:55:50.095" level="INFO">Opening browser 'Chrome' to base url 'https://demoqa.com/alerts'.</msg>
<status status="PASS" starttime="20220627 18:55:50.089" endtime="20220627 18:56:00.171"/>
</kw>
<kw name="Wait Until Element Is Visible" library="SeleniumLibrary">
<arg>//button[@id="alertButton"]</arg>
<doc>Waits until the element ``locator`` is visible.</doc>
<status status="PASS" starttime="20220627 18:56:00.176" endtime="20220627 18:56:00.397"/>
</kw>
<kw name="Click Element" library="SeleniumLibrary">
<arg>//button[@id="alertButton"]</arg>
<doc>Click the element identified by ``locator``.</doc>
<msg timestamp="20220627 18:56:00.399" level="INFO">Clicking element '//button[@id="alertButton"]'.</msg>
<status status="PASS" starttime="20220627 18:56:00.398" endtime="20220627 18:56:00.660"/>
</kw>
<kw name="Sleep" library="BuiltIn">
<arg>2s</arg>
<doc>Pauses the test executed for the given time.</doc>
<msg timestamp="20220627 18:56:02.669" level="INFO">Slept 2 seconds</msg>
<status status="PASS" starttime="20220627 18:56:00.661" endtime="20220627 18:56:02.669"/>
</kw>
<kw name="Alert Should Be Present" library="SeleniumLibrary">
<arg>You clicked a button</arg>
<doc>Verifies that an alert is present and by default, accepts it.</doc>
<msg timestamp="20220627 18:56:02.785" level="INFO">HANDLE::&lt;class 'NoneType'&gt;::None</msg>
<status status="PASS" starttime="20220627 18:56:02.784" endtime="20220627 18:56:02.823"/>
</kw>
<kw name="Close Browser" library="SeleniumLibrary" type="TEARDOWN">
<doc>Closes the current browser.</doc>
<status status="PASS" starttime="20220627 18:56:03.019" endtime="20220627 18:56:08.635"/>
</kw>
<status status="PASS" starttime="20220627 18:55:50.087" endtime="20220627 18:56:08.636"/>
</test>
<test id="s1-t2" name="Click OK in Alerts Dialog" line="18">
<kw name="Open Browser" library="SeleniumLibrary" type="SETUP">
<arg>${base_url}</arg>
<arg>${type_browser}</arg>
<doc>Opens a new browser instance to the optional ``url``.</doc>
<msg timestamp="20220627 18:56:08.642" level="INFO">Opening browser 'Chrome' to base url 'https://demoqa.com/alerts'.</msg>
<status status="PASS" starttime="20220627 18:56:08.641" endtime="20220627 18:56:17.986"/>
</kw>
<kw name="Wait Until Element Is Visible" library="SeleniumLibrary">
<arg>//button[@id="alertButton"]</arg>
<doc>Waits until the element ``locator`` is visible.</doc>
<status status="PASS" starttime="20220627 18:56:17.989" endtime="20220627 18:56:18.941"/>
</kw>
<kw name="Click Element" library="SeleniumLibrary">
<arg>//button[@id="alertButton"]</arg>
<doc>Click the element identified by ``locator``.</doc>
<msg timestamp="20220627 18:56:18.948" level="INFO">Clicking element '//button[@id="alertButton"]'.</msg>
<status status="PASS" starttime="20220627 18:56:18.947" endtime="20220627 18:56:19.375"/>
</kw>
<kw name="Sleep" library="BuiltIn">
<arg>2s</arg>
<doc>Pauses the test executed for the given time.</doc>
<msg timestamp="20220627 18:56:21.432" level="INFO">Slept 2 seconds</msg>
<status status="PASS" starttime="20220627 18:56:19.419" endtime="20220627 18:56:21.432"/>
</kw>
<kw name="Handle Alert" library="SeleniumLibrary">
<arg>action=ACCEPT</arg>
<doc>Handles the current alert and returns its message.</doc>
<msg timestamp="20220627 18:56:21.438" level="INFO">HANDLE::&lt;class 'NoneType'&gt;::None</msg>
<status status="PASS" starttime="20220627 18:56:21.435" endtime="20220627 18:56:21.802"/>
</kw>
<kw name="Sleep" library="BuiltIn">
<arg>2s</arg>
<doc>Pauses the test executed for the given time.</doc>
<msg timestamp="20220627 18:56:23.988" level="INFO">Slept 2 seconds</msg>
<status status="PASS" starttime="20220627 18:56:21.975" endtime="20220627 18:56:23.989"/>
</kw>
<kw name="Close Browser" library="SeleniumLibrary" type="TEARDOWN">
<doc>Closes the current browser.</doc>
<status status="PASS" starttime="20220627 18:56:24.033" endtime="20220627 18:56:27.451"/>
</kw>
<status status="PASS" starttime="20220627 18:56:08.639" endtime="20220627 18:56:27.458"/>
</test>
<status status="PASS" starttime="20220627 18:55:49.185" endtime="20220627 18:56:27.487"/>
</suite>
<statistics>
<total>
<stat pass="2" fail="0" skip="0">All Tests</stat>
</total>
<tag>
</tag>
<suite>
<stat pass="2" fail="0" skip="0" id="s1" name="Coba Alert">Coba Alert</stat>
</suite>
</statistics>
<errors>
</errors>
</robot>
